2024-03-30T12:30:00.008+0800	INFO	Initial completed!
2024-03-30T12:30:00.009+0800	INFO	Generate route completed!
2024-03-30T12:30:00.760+0800	ERROR	Fetch https://sub1.smallstrawberry.com/api/v1/client/subscribe?token=db7210cdd13&flag=clash proxies yaml failed!	{"caller": "E:/Myproject/sing2cat_web/MergeSingboxConfig/fetchProxies.go:123", "error": "Forbidden"}
2024-03-30T12:30:00.774+0800	ERROR	Fetch https://link.onesy.link/link/xQ3S0L9btfgTprv&flag=clash proxies yaml failed!	{"caller": "E:/Myproject/sing2cat_web/MergeSingboxConfig/fetchProxies.go:123", "error": "Forbidden"}
2024-03-30T12:30:00.775+0800	ERROR	url or network Error	{"caller": "E:/Myproject/sing2cat_web/MergeSingboxConfig/fetchProxies.go:154", "error": "get proxies msg failed"}
2024-03-30T12:30:00.787+0800	ERROR	Generate Config failed!	{"caller": "E:/Myproject/sing2cat_web/MergeSingboxConfig/generateSingboxConfig.go:87", "error": "fetch proxies failed"}
2024-03-30T13:30:00.013+0800	INFO	Initial completed!
2024-03-30T13:30:00.014+0800	INFO	Generate route completed!
2024-03-30T13:30:00.737+0800	ERROR	Fetch https://sub1.smallstrawberry.com/api/v1/client/subscribe?token=db7210cdd13&flag=clash proxies yaml failed!	{"caller": "E:/Myproject/sing2cat_web/MergeSingboxConfig/fetchProxies.go:123", "error": "Forbidden"}
2024-03-30T13:30:00.759+0800	ERROR	Fetch https://link.onesy.link/link/xQ3S0L9btfgTprv&flag=clash proxies yaml failed!	{"caller": "E:/Myproject/sing2cat_web/MergeSingboxConfig/fetchProxies.go:123", "error": "Forbidden"}
2024-03-30T13:30:00.759+0800	ERROR	url or network Error	{"caller": "E:/Myproject/sing2cat_web/MergeSingboxConfig/fetchProxies.go:154", "error": "get proxies msg failed"}
2024-03-30T13:30:00.759+0800	ERROR	Generate Config failed!	{"caller": "E:/Myproject/sing2cat_web/MergeSingboxConfig/generateSingboxConfig.go:87", "error": "fetch proxies failed"}
2024-03-31T00:30:00.077+0800	INFO	Initial completed!
2024-03-31T00:30:00.079+0800	INFO	Generate route completed!
2024-03-31T00:30:01.178+0800	ERROR	Fetch https://link.onesy.link/link/xQ3S0L9btfgTprv&flag=clash proxies yaml failed!	{"caller": "E:/Myproject/sing2cat_web/MergeSingboxConfig/fetchProxies.go:123", "error": "Forbidden"}
2024-03-31T00:30:01.286+0800	ERROR	Fetch https://sub1.smallstrawberry.com/api/v1/client/subscribe?token=db7210cdd13&flag=clash proxies yaml failed!	{"caller": "E:/Myproject/sing2cat_web/MergeSingboxConfig/fetchProxies.go:123", "error": "Forbidden"}
2024-03-31T00:30:01.287+0800	ERROR	url or network Error	{"caller": "E:/Myproject/sing2cat_web/MergeSingboxConfig/fetchProxies.go:154", "error": "get proxies msg failed"}
2024-03-31T00:30:01.288+0800	ERROR	Generate Config failed!	{"caller": "E:/Myproject/sing2cat_web/MergeSingboxConfig/generateSingboxConfig.go:87", "error": "fetch proxies failed"}
2024-03-31T20:30:00.040+0800	INFO	Initial completed!
2024-03-31T20:30:00.042+0800	INFO	Generate route completed!
2024-03-31T20:30:01.140+0800	ERROR	Fetch https://link.onesy.link/link/xQ3S0L9btfgTprv&flag=clash proxies yaml failed!	{"caller": "E:/Myproject/sing2cat_web/MergeSingboxConfig/fetchProxies.go:123", "error": "Forbidden"}
2024-03-31T20:30:01.805+0800	ERROR	Fetch https://sub1.smallstrawberry.com/api/v1/client/subscribe?token=db7210cdd13&flag=clash proxies yaml failed!	{"caller": "E:/Myproject/sing2cat_web/MergeSingboxConfig/fetchProxies.go:123", "error": "Forbidden"}
2024-03-31T20:30:01.806+0800	ERROR	url or network Error	{"caller": "E:/Myproject/sing2cat_web/MergeSingboxConfig/fetchProxies.go:154", "error": "get proxies msg failed"}
2024-03-31T20:30:01.806+0800	ERROR	Generate Config failed!	{"caller": "E:/Myproject/sing2cat_web/MergeSingboxConfig/generateSingboxConfig.go:87", "error": "fetch proxies failed"}
2024-03-31T21:30:00.008+0800	INFO	Initial completed!
2024-03-31T21:30:00.011+0800	INFO	Generate route completed!
2024-03-31T21:30:01.090+0800	ERROR	Fetch https://link.onesy.link/link/xQ3S0L9btfgTprv&flag=clash proxies yaml failed!	{"caller": "E:/Myproject/sing2cat_web/MergeSingboxConfig/fetchProxies.go:123", "error": "Forbidden"}
2024-03-31T21:30:01.362+0800	ERROR	Fetch https://sub1.smallstrawberry.com/api/v1/client/subscribe?token=db7210cdd13&flag=clash proxies yaml failed!	{"caller": "E:/Myproject/sing2cat_web/MergeSingboxConfig/fetchProxies.go:123", "error": "Forbidden"}
2024-03-31T21:30:01.363+0800	ERROR	url or network Error	{"caller": "E:/Myproject/sing2cat_web/MergeSingboxConfig/fetchProxies.go:154", "error": "get proxies msg failed"}
2024-03-31T21:30:01.363+0800	ERROR	Generate Config failed!	{"caller": "E:/Myproject/sing2cat_web/MergeSingboxConfig/generateSingboxConfig.go:87", "error": "fetch proxies failed"}
2024-03-31T22:30:00.016+0800	INFO	Initial completed!
2024-03-31T22:30:00.017+0800	INFO	Generate route completed!
2024-03-31T22:30:01.168+0800	ERROR	Fetch https://link.onesy.link/link/xQ3S0L9btfgTprv&flag=clash proxies yaml failed!	{"caller": "E:/Myproject/sing2cat_web/MergeSingboxConfig/fetchProxies.go:123", "error": "Forbidden"}
2024-03-31T22:30:04.462+0800	ERROR	Fetch https://sub1.smallstrawberry.com/api/v1/client/subscribe?token=db7210cdd13&flag=clash proxies yaml failed!	{"caller": "E:/Myproject/sing2cat_web/MergeSingboxConfig/fetchProxies.go:123", "error": "Forbidden"}
2024-03-31T22:30:04.462+0800	ERROR	url or network Error	{"caller": "E:/Myproject/sing2cat_web/MergeSingboxConfig/fetchProxies.go:154", "error": "get proxies msg failed"}
2024-03-31T22:30:04.462+0800	ERROR	Generate Config failed!	{"caller": "E:/Myproject/sing2cat_web/MergeSingboxConfig/generateSingboxConfig.go:87", "error": "fetch proxies failed"}
2024-04-01T21:30:00.090+0800	INFO	Initial completed!
2024-04-01T21:30:00.092+0800	INFO	Generate route completed!
2024-04-01T21:30:00.683+0800	ERROR	Fetch https://sub1.smallstrawberry.com/api/v1/client/subscribe?token=db7210cdd13&flag=clash proxies yaml failed!	{"caller": "E:/Myproject/sing2cat_web/MergeSingboxConfig/fetchProxies.go:123", "error": "Forbidden"}
2024-04-01T21:30:00.970+0800	ERROR	Fetch https://link.onesy.link/link/xQ3S0L9btfgTprv&flag=clash proxies yaml failed!	{"caller": "E:/Myproject/sing2cat_web/MergeSingboxConfig/fetchProxies.go:123", "error": "Forbidden"}
2024-04-01T21:30:00.970+0800	ERROR	url or network Error	{"caller": "E:/Myproject/sing2cat_web/MergeSingboxConfig/fetchProxies.go:154", "error": "get proxies msg failed"}
2024-04-01T21:30:00.971+0800	ERROR	Generate Config failed!	{"caller": "E:/Myproject/sing2cat_web/MergeSingboxConfig/generateSingboxConfig.go:87", "error": "fetch proxies failed"}
2024-04-01T23:30:00.063+0800	INFO	Initial completed!
2024-04-01T23:30:00.065+0800	INFO	Generate route completed!
2024-04-01T23:30:01.313+0800	ERROR	Fetch https://sub1.smallstrawberry.com/api/v1/client/subscribe?token=db7210cdd13&flag=clash proxies yaml failed!	{"caller": "E:/Myproject/sing2cat_web/MergeSingboxConfig/fetchProxies.go:123", "error": "Forbidden"}
2024-04-01T23:30:01.986+0800	ERROR	Fetch https://link.onesy.link/link/xQ3S0L9btfgTprv&flag=clash proxies yaml failed!	{"caller": "E:/Myproject/sing2cat_web/MergeSingboxConfig/fetchProxies.go:123", "error": "Forbidden"}
2024-04-01T23:30:01.986+0800	ERROR	url or network Error	{"caller": "E:/Myproject/sing2cat_web/MergeSingboxConfig/fetchProxies.go:154", "error": "get proxies msg failed"}
2024-04-01T23:30:01.987+0800	ERROR	Generate Config failed!	{"caller": "E:/Myproject/sing2cat_web/MergeSingboxConfig/generateSingboxConfig.go:87", "error": "fetch proxies failed"}
2024-04-02T00:30:00.020+0800	INFO	Initial completed!
2024-04-02T00:30:00.021+0800	INFO	Generate route completed!
2024-04-02T00:30:01.218+0800	ERROR	Fetch https://link.onesy.link/link/xQ3S0L9btfgTprv&flag=clash proxies yaml failed!	{"caller": "E:/Myproject/sing2cat_web/MergeSingboxConfig/fetchProxies.go:123", "error": "Forbidden"}
2024-04-02T00:30:01.261+0800	ERROR	Fetch https://sub1.smallstrawberry.com/api/v1/client/subscribe?token=db7210cdd13&flag=clash proxies yaml failed!	{"caller": "E:/Myproject/sing2cat_web/MergeSingboxConfig/fetchProxies.go:123", "error": "Forbidden"}
2024-04-02T00:30:01.262+0800	ERROR	url or network Error	{"caller": "E:/Myproject/sing2cat_web/MergeSingboxConfig/fetchProxies.go:154", "error": "get proxies msg failed"}
2024-04-02T00:30:01.262+0800	ERROR	Generate Config failed!	{"caller": "E:/Myproject/sing2cat_web/MergeSingboxConfig/generateSingboxConfig.go:87", "error": "fetch proxies failed"}
2024-04-02T20:30:00.058+0800	INFO	Initial completed!
2024-04-02T20:30:00.061+0800	INFO	Generate route completed!
2024-04-02T20:30:00.778+0800	ERROR	Fetch https://link.onesy.link/link/xQ3S0L9btfgTprv&flag=clash proxies yaml failed!	{"caller": "E:/Myproject/sing2cat_web/MergeSingboxConfig/fetchProxies.go:123", "error": "Forbidden"}
2024-04-02T20:30:00.792+0800	ERROR	Fetch https://sub1.smallstrawberry.com/api/v1/client/subscribe?token=db7210cdd13&flag=clash proxies yaml failed!	{"caller": "E:/Myproject/sing2cat_web/MergeSingboxConfig/fetchProxies.go:123", "error": "Forbidden"}
2024-04-02T20:30:00.817+0800	ERROR	url or network Error	{"caller": "E:/Myproject/sing2cat_web/MergeSingboxConfig/fetchProxies.go:154", "error": "get proxies msg failed"}
2024-04-02T20:30:00.817+0800	ERROR	Generate Config failed!	{"caller": "E:/Myproject/sing2cat_web/MergeSingboxConfig/generateSingboxConfig.go:87", "error": "fetch proxies failed"}
2024-04-02T21:30:00.016+0800	INFO	Initial completed!
2024-04-02T21:30:00.017+0800	INFO	Generate route completed!
2024-04-02T21:30:00.727+0800	ERROR	Fetch https://sub1.smallstrawberry.com/api/v1/client/subscribe?token=db7210cdd13&flag=clash proxies yaml failed!	{"caller": "E:/Myproject/sing2cat_web/MergeSingboxConfig/fetchProxies.go:123", "error": "Forbidden"}
2024-04-02T21:30:00.760+0800	ERROR	Fetch https://link.onesy.link/link/xQ3S0L9btfgTprv&flag=clash proxies yaml failed!	{"caller": "E:/Myproject/sing2cat_web/MergeSingboxConfig/fetchProxies.go:123", "error": "Forbidden"}
2024-04-02T21:30:00.761+0800	ERROR	url or network Error	{"caller": "E:/Myproject/sing2cat_web/MergeSingboxConfig/fetchProxies.go:154", "error": "get proxies msg failed"}
2024-04-02T21:30:00.761+0800	ERROR	Generate Config failed!	{"caller": "E:/Myproject/sing2cat_web/MergeSingboxConfig/generateSingboxConfig.go:87", "error": "fetch proxies failed"}
2024-04-02T23:30:00.012+0800	INFO	Initial completed!
2024-04-02T23:30:00.013+0800	INFO	Generate route completed!
2024-04-02T23:30:01.099+0800	ERROR	Fetch https://link.onesy.link/link/xQ3S0L9btfgTprv&flag=clash proxies yaml failed!	{"caller": "E:/Myproject/sing2cat_web/MergeSingboxConfig/fetchProxies.go:123", "error": "Forbidden"}
2024-04-02T23:30:01.314+0800	ERROR	Fetch https://sub1.smallstrawberry.com/api/v1/client/subscribe?token=db7210cdd13&flag=clash proxies yaml failed!	{"caller": "E:/Myproject/sing2cat_web/MergeSingboxConfig/fetchProxies.go:123", "error": "Forbidden"}
2024-04-02T23:30:01.314+0800	ERROR	url or network Error	{"caller": "E:/Myproject/sing2cat_web/MergeSingboxConfig/fetchProxies.go:154", "error": "get proxies msg failed"}
2024-04-02T23:30:01.315+0800	ERROR	Generate Config failed!	{"caller": "E:/Myproject/sing2cat_web/MergeSingboxConfig/generateSingboxConfig.go:87", "error": "fetch proxies failed"}
2024-04-03T00:30:00.012+0800	INFO	Initial completed!
2024-04-03T00:30:00.013+0800	INFO	Generate route completed!
2024-04-03T00:30:00.900+0800	ERROR	Fetch https://link.onesy.link/link/xQ3S0L9btfgTprv&flag=clash proxies yaml failed!	{"caller": "E:/Myproject/sing2cat_web/MergeSingboxConfig/fetchProxies.go:123", "error": "Forbidden"}
2024-04-03T00:30:01.217+0800	ERROR	Fetch https://sub1.smallstrawberry.com/api/v1/client/subscribe?token=db7210cdd13&flag=clash proxies yaml failed!	{"caller": "E:/Myproject/sing2cat_web/MergeSingboxConfig/fetchProxies.go:123", "error": "Forbidden"}
2024-04-03T00:30:01.218+0800	ERROR	url or network Error	{"caller": "E:/Myproject/sing2cat_web/MergeSingboxConfig/fetchProxies.go:154", "error": "get proxies msg failed"}
2024-04-03T00:30:01.218+0800	ERROR	Generate Config failed!	{"caller": "E:/Myproject/sing2cat_web/MergeSingboxConfig/generateSingboxConfig.go:87", "error": "fetch proxies failed"}
2024-04-03T11:30:00.081+0800	INFO	Initial completed!
2024-04-03T11:30:00.083+0800	INFO	Generate route completed!
2024-04-03T11:30:00.790+0800	ERROR	Fetch https://link.onesy.link/link/xQ3S0L9btfgTprv&flag=clash proxies yaml failed!	{"caller": "E:/Myproject/sing2cat_web/MergeSingboxConfig/fetchProxies.go:123", "error": "Forbidden"}
2024-04-03T11:30:00.824+0800	ERROR	Fetch https://sub1.smallstrawberry.com/api/v1/client/subscribe?token=db7210cdd13&flag=clash proxies yaml failed!	{"caller": "E:/Myproject/sing2cat_web/MergeSingboxConfig/fetchProxies.go:123", "error": "Forbidden"}
2024-04-03T11:30:00.825+0800	ERROR	url or network Error	{"caller": "E:/Myproject/sing2cat_web/MergeSingboxConfig/fetchProxies.go:154", "error": "get proxies msg failed"}
2024-04-03T11:30:00.825+0800	ERROR	Generate Config failed!	{"caller": "E:/Myproject/sing2cat_web/MergeSingboxConfig/generateSingboxConfig.go:87", "error": "fetch proxies failed"}
2024-04-03T12:30:00.019+0800	INFO	Initial completed!
2024-04-03T12:30:00.021+0800	INFO	Generate route completed!
2024-04-03T12:30:00.707+0800	ERROR	Fetch https://link.onesy.link/link/xQ3S0L9btfgTprv&flag=clash proxies yaml failed!	{"caller": "E:/Myproject/sing2cat_web/MergeSingboxConfig/fetchProxies.go:123", "error": "Forbidden"}
2024-04-03T12:30:00.752+0800	ERROR	Fetch https://sub1.smallstrawberry.com/api/v1/client/subscribe?token=db7210cdd13&flag=clash proxies yaml failed!	{"caller": "E:/Myproject/sing2cat_web/MergeSingboxConfig/fetchProxies.go:123", "error": "Forbidden"}
2024-04-03T12:30:00.753+0800	ERROR	url or network Error	{"caller": "E:/Myproject/sing2cat_web/MergeSingboxConfig/fetchProxies.go:154", "error": "get proxies msg failed"}
2024-04-03T12:30:00.753+0800	ERROR	Generate Config failed!	{"caller": "E:/Myproject/sing2cat_web/MergeSingboxConfig/generateSingboxConfig.go:87", "error": "fetch proxies failed"}
2024-04-03T13:30:00.005+0800	INFO	Initial completed!
2024-04-03T13:30:00.007+0800	INFO	Generate route completed!
2024-04-03T13:30:00.773+0800	ERROR	Fetch https://sub1.smallstrawberry.com/api/v1/client/subscribe?token=db7210cdd13&flag=clash proxies yaml failed!	{"caller": "E:/Myproject/sing2cat_web/MergeSingboxConfig/fetchProxies.go:123", "error": "Forbidden"}
2024-04-03T13:30:00.915+0800	ERROR	Fetch https://link.onesy.link/link/xQ3S0L9btfgTprv&flag=clash proxies yaml failed!	{"caller": "E:/Myproject/sing2cat_web/MergeSingboxConfig/fetchProxies.go:123", "error": "Forbidden"}
2024-04-03T13:30:00.915+0800	ERROR	url or network Error	{"caller": "E:/Myproject/sing2cat_web/MergeSingboxConfig/fetchProxies.go:154", "error": "get proxies msg failed"}
2024-04-03T13:30:00.916+0800	ERROR	Generate Config failed!	{"caller": "E:/Myproject/sing2cat_web/MergeSingboxConfig/generateSingboxConfig.go:87", "error": "fetch proxies failed"}
2024-04-03T14:30:00.009+0800	INFO	Initial completed!
2024-04-03T14:30:00.011+0800	INFO	Generate route completed!
2024-04-03T14:30:00.713+0800	ERROR	Fetch https://link.onesy.link/link/xQ3S0L9btfgTprv&flag=clash proxies yaml failed!	{"caller": "E:/Myproject/sing2cat_web/MergeSingboxConfig/fetchProxies.go:123", "error": "Forbidden"}
2024-04-03T14:30:00.755+0800	ERROR	Fetch https://sub1.smallstrawberry.com/api/v1/client/subscribe?token=db7210cdd13&flag=clash proxies yaml failed!	{"caller": "E:/Myproject/sing2cat_web/MergeSingboxConfig/fetchProxies.go:123", "error": "Forbidden"}
2024-04-03T14:30:00.756+0800	ERROR	url or network Error	{"caller": "E:/Myproject/sing2cat_web/MergeSingboxConfig/fetchProxies.go:154", "error": "get proxies msg failed"}
2024-04-03T14:30:00.756+0800	ERROR	Generate Config failed!	{"caller": "E:/Myproject/sing2cat_web/MergeSingboxConfig/generateSingboxConfig.go:87", "error": "fetch proxies failed"}
2024-04-03T15:30:00.014+0800	INFO	Initial completed!
2024-04-03T15:30:00.016+0800	INFO	Generate route completed!
2024-04-03T15:30:00.840+0800	ERROR	Fetch https://link.onesy.link/link/xQ3S0L9btfgTprv&flag=clash proxies yaml failed!	{"caller": "E:/Myproject/sing2cat_web/MergeSingboxConfig/fetchProxies.go:123", "error": "Forbidden"}
2024-04-03T15:30:01.046+0800	ERROR	Fetch https://sub1.smallstrawberry.com/api/v1/client/subscribe?token=db7210cdd13&flag=clash proxies yaml failed!	{"caller": "E:/Myproject/sing2cat_web/MergeSingboxConfig/fetchProxies.go:123", "error": "Forbidden"}
2024-04-03T15:30:01.046+0800	ERROR	url or network Error	{"caller": "E:/Myproject/sing2cat_web/MergeSingboxConfig/fetchProxies.go:154", "error": "get proxies msg failed"}
2024-04-03T15:30:01.047+0800	ERROR	Generate Config failed!	{"caller": "E:/Myproject/sing2cat_web/MergeSingboxConfig/generateSingboxConfig.go:87", "error": "fetch proxies failed"}
2024-04-03T16:30:00.011+0800	INFO	Initial completed!
2024-04-03T16:30:00.013+0800	INFO	Generate route completed!
2024-04-03T16:30:00.591+0800	ERROR	Fetch https://link.onesy.link/link/xQ3S0L9btfgTprv&flag=clash proxies yaml failed!	{"caller": "E:/Myproject/sing2cat_web/MergeSingboxConfig/fetchProxies.go:123", "error": "Forbidden"}
2024-04-03T16:30:00.970+0800	ERROR	Fetch https://sub1.smallstrawberry.com/api/v1/client/subscribe?token=db7210cdd13&flag=clash proxies yaml failed!	{"caller": "E:/Myproject/sing2cat_web/MergeSingboxConfig/fetchProxies.go:123", "error": "Forbidden"}
2024-04-03T16:30:00.971+0800	ERROR	url or network Error	{"caller": "E:/Myproject/sing2cat_web/MergeSingboxConfig/fetchProxies.go:154", "error": "get proxies msg failed"}
2024-04-03T16:30:00.972+0800	ERROR	Generate Config failed!	{"caller": "E:/Myproject/sing2cat_web/MergeSingboxConfig/generateSingboxConfig.go:87", "error": "fetch proxies failed"}
2024-04-03T17:30:00.016+0800	INFO	Initial completed!
2024-04-03T17:30:00.018+0800	INFO	Generate route completed!
2024-04-03T17:30:00.712+0800	ERROR	Fetch https://link.onesy.link/link/xQ3S0L9btfgTprv&flag=clash proxies yaml failed!	{"caller": "E:/Myproject/sing2cat_web/MergeSingboxConfig/fetchProxies.go:123", "error": "Forbidden"}
2024-04-03T17:30:00.794+0800	ERROR	Fetch https://sub1.smallstrawberry.com/api/v1/client/subscribe?token=db7210cdd13&flag=clash proxies yaml failed!	{"caller": "E:/Myproject/sing2cat_web/MergeSingboxConfig/fetchProxies.go:123", "error": "Forbidden"}
2024-04-03T17:30:00.796+0800	ERROR	url or network Error	{"caller": "E:/Myproject/sing2cat_web/MergeSingboxConfig/fetchProxies.go:154", "error": "get proxies msg failed"}
2024-04-03T17:30:00.796+0800	ERROR	Generate Config failed!	{"caller": "E:/Myproject/sing2cat_web/MergeSingboxConfig/generateSingboxConfig.go:87", "error": "fetch proxies failed"}
2024-04-03T23:30:00.076+0800	INFO	Initial completed!
2024-04-03T23:30:00.079+0800	INFO	Generate route completed!
2024-04-03T23:30:01.404+0800	ERROR	Fetch https://sub1.smallstrawberry.com/api/v1/client/subscribe?token=db7210cdd13&flag=clash proxies yaml failed!	{"caller": "E:/Myproject/sing2cat_web/MergeSingboxConfig/fetchProxies.go:123", "error": "Forbidden"}
2024-04-03T23:30:02.507+0800	ERROR	Fetch https://link.onesy.link/link/xQ3S0L9btfgTprv&flag=clash proxies yaml failed!	{"caller": "E:/Myproject/sing2cat_web/MergeSingboxConfig/fetchProxies.go:123", "error": "Forbidden"}
2024-04-03T23:30:02.507+0800	ERROR	url or network Error	{"caller": "E:/Myproject/sing2cat_web/MergeSingboxConfig/fetchProxies.go:154", "error": "get proxies msg failed"}
2024-04-03T23:30:02.508+0800	ERROR	Generate Config failed!	{"caller": "E:/Myproject/sing2cat_web/MergeSingboxConfig/generateSingboxConfig.go:87", "error": "fetch proxies failed"}
2024-04-04T00:30:00.012+0800	INFO	Initial completed!
2024-04-04T00:30:00.015+0800	INFO	Generate route completed!
2024-04-04T00:30:01.205+0800	ERROR	Fetch https://link.onesy.link/link/xQ3S0L9btfgTprv&flag=clash proxies yaml failed!	{"caller": "E:/Myproject/sing2cat_web/MergeSingboxConfig/fetchProxies.go:123", "error": "Forbidden"}
2024-04-04T00:30:01.384+0800	ERROR	Fetch https://sub1.smallstrawberry.com/api/v1/client/subscribe?token=db7210cdd13&flag=clash proxies yaml failed!	{"caller": "E:/Myproject/sing2cat_web/MergeSingboxConfig/fetchProxies.go:123", "error": "Forbidden"}
2024-04-04T00:30:01.385+0800	ERROR	url or network Error	{"caller": "E:/Myproject/sing2cat_web/MergeSingboxConfig/fetchProxies.go:154", "error": "get proxies msg failed"}
2024-04-04T00:30:01.385+0800	ERROR	Generate Config failed!	{"caller": "E:/Myproject/sing2cat_web/MergeSingboxConfig/generateSingboxConfig.go:87", "error": "fetch proxies failed"}
2024-04-04T01:30:00.012+0800	INFO	Initial completed!
2024-04-04T01:30:00.013+0800	INFO	Generate route completed!
2024-04-04T01:30:01.183+0800	ERROR	Fetch https://link.onesy.link/link/xQ3S0L9btfgTprv&flag=clash proxies yaml failed!	{"caller": "E:/Myproject/sing2cat_web/MergeSingboxConfig/fetchProxies.go:123", "error": "Forbidden"}
2024-04-04T01:30:01.264+0800	ERROR	Fetch https://sub1.smallstrawberry.com/api/v1/client/subscribe?token=db7210cdd13&flag=clash proxies yaml failed!	{"caller": "E:/Myproject/sing2cat_web/MergeSingboxConfig/fetchProxies.go:123", "error": "Forbidden"}
2024-04-04T01:30:01.265+0800	ERROR	url or network Error	{"caller": "E:/Myproject/sing2cat_web/MergeSingboxConfig/fetchProxies.go:154", "error": "get proxies msg failed"}
2024-04-04T01:30:01.265+0800	ERROR	Generate Config failed!	{"caller": "E:/Myproject/sing2cat_web/MergeSingboxConfig/generateSingboxConfig.go:87", "error": "fetch proxies failed"}
2024-04-04T11:30:00.077+0800	INFO	Initial completed!
2024-04-04T11:30:00.080+0800	INFO	Generate route completed!
2024-04-04T11:30:01.238+0800	ERROR	Fetch https://link.onesy.link/link/xQ3S0L9btfgTprv&flag=clash proxies yaml failed!	{"caller": "E:/Myproject/sing2cat_web/MergeSingboxConfig/fetchProxies.go:123", "error": "Forbidden"}
2024-04-04T11:30:01.702+0800	ERROR	Fetch https://sub1.smallstrawberry.com/api/v1/client/subscribe?token=db7210cdd13&flag=clash proxies yaml failed!	{"caller": "E:/Myproject/sing2cat_web/MergeSingboxConfig/fetchProxies.go:123", "error": "Forbidden"}
2024-04-04T11:30:01.703+0800	ERROR	url or network Error	{"caller": "E:/Myproject/sing2cat_web/MergeSingboxConfig/fetchProxies.go:154", "error": "get proxies msg failed"}
2024-04-04T11:30:01.704+0800	ERROR	Generate Config failed!	{"caller": "E:/Myproject/sing2cat_web/MergeSingboxConfig/generateSingboxConfig.go:87", "error": "fetch proxies failed"}
2024-04-04T12:30:00.012+0800	INFO	Initial completed!
2024-04-04T12:30:00.013+0800	INFO	Generate route completed!
2024-04-04T12:30:01.096+0800	ERROR	Fetch https://link.onesy.link/link/xQ3S0L9btfgTprv&flag=clash proxies yaml failed!	{"caller": "E:/Myproject/sing2cat_web/MergeSingboxConfig/fetchProxies.go:123", "error": "Forbidden"}
2024-04-04T12:30:01.234+0800	ERROR	Fetch https://sub1.smallstrawberry.com/api/v1/client/subscribe?token=db7210cdd13&flag=clash proxies yaml failed!	{"caller": "E:/Myproject/sing2cat_web/MergeSingboxConfig/fetchProxies.go:123", "error": "Forbidden"}
2024-04-04T12:30:01.234+0800	ERROR	url or network Error	{"caller": "E:/Myproject/sing2cat_web/MergeSingboxConfig/fetchProxies.go:154", "error": "get proxies msg failed"}
2024-04-04T12:30:01.234+0800	ERROR	Generate Config failed!	{"caller": "E:/Myproject/sing2cat_web/MergeSingboxConfig/generateSingboxConfig.go:87", "error": "fetch proxies failed"}
2024-04-04T13:30:00.015+0800	INFO	Initial completed!
2024-04-04T13:30:00.016+0800	INFO	Generate route completed!
2024-04-04T13:30:01.042+0800	ERROR	Fetch https://link.onesy.link/link/xQ3S0L9btfgTprv&flag=clash proxies yaml failed!	{"caller": "E:/Myproject/sing2cat_web/MergeSingboxConfig/fetchProxies.go:123", "error": "Forbidden"}
2024-04-04T13:30:01.266+0800	ERROR	Fetch https://sub1.smallstrawberry.com/api/v1/client/subscribe?token=db7210cdd13&flag=clash proxies yaml failed!	{"caller": "E:/Myproject/sing2cat_web/MergeSingboxConfig/fetchProxies.go:123", "error": "Forbidden"}
2024-04-04T13:30:01.267+0800	ERROR	url or network Error	{"caller": "E:/Myproject/sing2cat_web/MergeSingboxConfig/fetchProxies.go:154", "error": "get proxies msg failed"}
2024-04-04T13:30:01.267+0800	ERROR	Generate Config failed!	{"caller": "E:/Myproject/sing2cat_web/MergeSingboxConfig/generateSingboxConfig.go:87", "error": "fetch proxies failed"}
2024-04-04T14:30:00.012+0800	INFO	Initial completed!
2024-04-04T14:30:00.014+0800	INFO	Generate route completed!
2024-04-04T14:30:01.003+0800	ERROR	Fetch https://link.onesy.link/link/xQ3S0L9btfgTprv&flag=clash proxies yaml failed!	{"caller": "E:/Myproject/sing2cat_web/MergeSingboxConfig/fetchProxies.go:123", "error": "Forbidden"}
2024-04-04T14:30:01.193+0800	ERROR	Fetch https://sub1.smallstrawberry.com/api/v1/client/subscribe?token=db7210cdd13&flag=clash proxies yaml failed!	{"caller": "E:/Myproject/sing2cat_web/MergeSingboxConfig/fetchProxies.go:123", "error": "Forbidden"}
2024-04-04T14:30:01.194+0800	ERROR	url or network Error	{"caller": "E:/Myproject/sing2cat_web/MergeSingboxConfig/fetchProxies.go:154", "error": "get proxies msg failed"}
2024-04-04T14:30:01.194+0800	ERROR	Generate Config failed!	{"caller": "E:/Myproject/sing2cat_web/MergeSingboxConfig/generateSingboxConfig.go:87", "error": "fetch proxies failed"}
2024-04-04T15:30:00.015+0800	INFO	Initial completed!
2024-04-04T15:30:00.016+0800	INFO	Generate route completed!
2024-04-04T15:30:01.043+0800	ERROR	Fetch https://sub1.smallstrawberry.com/api/v1/client/subscribe?token=db7210cdd13&flag=clash proxies yaml failed!	{"caller": "E:/Myproject/sing2cat_web/MergeSingboxConfig/fetchProxies.go:123", "error": "Forbidden"}
2024-04-04T15:30:01.268+0800	ERROR	Fetch https://link.onesy.link/link/xQ3S0L9btfgTprv&flag=clash proxies yaml failed!	{"caller": "E:/Myproject/sing2cat_web/MergeSingboxConfig/fetchProxies.go:123", "error": "Forbidden"}
2024-04-04T15:30:01.268+0800	ERROR	url or network Error	{"caller": "E:/Myproject/sing2cat_web/MergeSingboxConfig/fetchProxies.go:154", "error": "get proxies msg failed"}
2024-04-04T15:30:01.268+0800	ERROR	Generate Config failed!	{"caller": "E:/Myproject/sing2cat_web/MergeSingboxConfig/generateSingboxConfig.go:87", "error": "fetch proxies failed"}
2024-04-04T16:30:00.003+0800	INFO	Initial completed!
2024-04-04T16:30:00.004+0800	INFO	Generate route completed!
2024-04-04T16:30:00.984+0800	ERROR	Fetch https://link.onesy.link/link/xQ3S0L9btfgTprv&flag=clash proxies yaml failed!	{"caller": "E:/Myproject/sing2cat_web/MergeSingboxConfig/fetchProxies.go:123", "error": "Forbidden"}
2024-04-04T16:30:01.875+0800	ERROR	Fetch https://sub1.smallstrawberry.com/api/v1/client/subscribe?token=db7210cdd13&flag=clash proxies yaml failed!	{"caller": "E:/Myproject/sing2cat_web/MergeSingboxConfig/fetchProxies.go:123", "error": "Forbidden"}
2024-04-04T16:30:01.876+0800	ERROR	url or network Error	{"caller": "E:/Myproject/sing2cat_web/MergeSingboxConfig/fetchProxies.go:154", "error": "get proxies msg failed"}
2024-04-04T16:30:01.877+0800	ERROR	Generate Config failed!	{"caller": "E:/Myproject/sing2cat_web/MergeSingboxConfig/generateSingboxConfig.go:87", "error": "fetch proxies failed"}
2024-04-04T17:30:00.003+0800	INFO	Initial completed!
2024-04-04T17:30:00.005+0800	INFO	Generate route completed!
2024-04-04T17:30:01.072+0800	ERROR	Fetch https://link.onesy.link/link/xQ3S0L9btfgTprv&flag=clash proxies yaml failed!	{"caller": "E:/Myproject/sing2cat_web/MergeSingboxConfig/fetchProxies.go:123", "error": "Forbidden"}
2024-04-04T17:30:01.225+0800	ERROR	Fetch https://sub1.smallstrawberry.com/api/v1/client/subscribe?token=db7210cdd13&flag=clash proxies yaml failed!	{"caller": "E:/Myproject/sing2cat_web/MergeSingboxConfig/fetchProxies.go:123", "error": "Forbidden"}
2024-04-04T17:30:01.226+0800	ERROR	url or network Error	{"caller": "E:/Myproject/sing2cat_web/MergeSingboxConfig/fetchProxies.go:154", "error": "get proxies msg failed"}
2024-04-04T17:30:01.226+0800	ERROR	Generate Config failed!	{"caller": "E:/Myproject/sing2cat_web/MergeSingboxConfig/generateSingboxConfig.go:87", "error": "fetch proxies failed"}
2024-04-04T18:30:00.016+0800	INFO	Initial completed!
2024-04-04T18:30:00.018+0800	INFO	Generate route completed!
2024-04-04T18:30:00.948+0800	ERROR	Fetch https://link.onesy.link/link/xQ3S0L9btfgTprv&flag=clash proxies yaml failed!	{"caller": "E:/Myproject/sing2cat_web/MergeSingboxConfig/fetchProxies.go:123", "error": "Forbidden"}
2024-04-04T18:30:00.951+0800	ERROR	Fetch https://sub1.smallstrawberry.com/api/v1/client/subscribe?token=db7210cdd13&flag=clash proxies yaml failed!	{"caller": "E:/Myproject/sing2cat_web/MergeSingboxConfig/fetchProxies.go:123", "error": "Forbidden"}
2024-04-04T18:30:00.952+0800	ERROR	url or network Error	{"caller": "E:/Myproject/sing2cat_web/MergeSingboxConfig/fetchProxies.go:154", "error": "get proxies msg failed"}
2024-04-04T18:30:00.953+0800	ERROR	Generate Config failed!	{"caller": "E:/Myproject/sing2cat_web/MergeSingboxConfig/generateSingboxConfig.go:87", "error": "fetch proxies failed"}
2024-04-04T19:30:00.014+0800	INFO	Initial completed!
2024-04-04T19:30:00.016+0800	INFO	Generate route completed!
2024-04-04T19:30:00.912+0800	ERROR	Fetch https://link.onesy.link/link/xQ3S0L9btfgTprv&flag=clash proxies yaml failed!	{"caller": "E:/Myproject/sing2cat_web/MergeSingboxConfig/fetchProxies.go:123", "error": "Forbidden"}
2024-04-04T19:30:01.225+0800	ERROR	Fetch https://sub1.smallstrawberry.com/api/v1/client/subscribe?token=db7210cdd13&flag=clash proxies yaml failed!	{"caller": "E:/Myproject/sing2cat_web/MergeSingboxConfig/fetchProxies.go:123", "error": "Forbidden"}
2024-04-04T19:30:01.226+0800	ERROR	url or network Error	{"caller": "E:/Myproject/sing2cat_web/MergeSingboxConfig/fetchProxies.go:154", "error": "get proxies msg failed"}
2024-04-04T19:30:01.227+0800	ERROR	Generate Config failed!	{"caller": "E:/Myproject/sing2cat_web/MergeSingboxConfig/generateSingboxConfig.go:87", "error": "fetch proxies failed"}
2024-04-04T20:30:00.009+0800	INFO	Initial completed!
2024-04-04T20:30:00.011+0800	INFO	Generate route completed!
2024-04-04T20:30:00.852+0800	ERROR	Fetch https://link.onesy.link/link/xQ3S0L9btfgTprv&flag=clash proxies yaml failed!	{"caller": "E:/Myproject/sing2cat_web/MergeSingboxConfig/fetchProxies.go:123", "error": "Forbidden"}
2024-04-04T20:30:01.058+0800	ERROR	Fetch https://sub1.smallstrawberry.com/api/v1/client/subscribe?token=db7210cdd13&flag=clash proxies yaml failed!	{"caller": "E:/Myproject/sing2cat_web/MergeSingboxConfig/fetchProxies.go:123", "error": "Forbidden"}
2024-04-04T20:30:01.059+0800	ERROR	url or network Error	{"caller": "E:/Myproject/sing2cat_web/MergeSingboxConfig/fetchProxies.go:154", "error": "get proxies msg failed"}
2024-04-04T20:30:01.059+0800	ERROR	Generate Config failed!	{"caller": "E:/Myproject/sing2cat_web/MergeSingboxConfig/generateSingboxConfig.go:87", "error": "fetch proxies failed"}
2024-04-04T21:30:00.010+0800	INFO	Initial completed!
2024-04-04T21:30:00.012+0800	INFO	Generate route completed!
2024-04-04T21:30:00.953+0800	ERROR	Fetch https://link.onesy.link/link/xQ3S0L9btfgTprv&flag=clash proxies yaml failed!	{"caller": "E:/Myproject/sing2cat_web/MergeSingboxConfig/fetchProxies.go:123", "error": "Forbidden"}
2024-04-04T21:30:01.272+0800	ERROR	Fetch https://sub1.smallstrawberry.com/api/v1/client/subscribe?token=db7210cdd13&flag=clash proxies yaml failed!	{"caller": "E:/Myproject/sing2cat_web/MergeSingboxConfig/fetchProxies.go:123", "error": "Forbidden"}
2024-04-04T21:30:01.273+0800	ERROR	url or network Error	{"caller": "E:/Myproject/sing2cat_web/MergeSingboxConfig/fetchProxies.go:154", "error": "get proxies msg failed"}
2024-04-04T21:30:01.274+0800	ERROR	Generate Config failed!	{"caller": "E:/Myproject/sing2cat_web/MergeSingboxConfig/generateSingboxConfig.go:87", "error": "fetch proxies failed"}
2024-04-04T22:30:00.013+0800	INFO	Initial completed!
2024-04-04T22:30:00.016+0800	INFO	Generate route completed!
2024-04-04T22:30:01.282+0800	ERROR	Fetch https://link.onesy.link/link/xQ3S0L9btfgTprv&flag=clash proxies yaml failed!	{"caller": "E:/Myproject/sing2cat_web/MergeSingboxConfig/fetchProxies.go:123", "error": "Forbidden"}
2024-04-04T22:30:01.407+0800	ERROR	Fetch https://sub1.smallstrawberry.com/api/v1/client/subscribe?token=db7210cdd13&flag=clash proxies yaml failed!	{"caller": "E:/Myproject/sing2cat_web/MergeSingboxConfig/fetchProxies.go:123", "error": "Forbidden"}
2024-04-04T22:30:01.408+0800	ERROR	url or network Error	{"caller": "E:/Myproject/sing2cat_web/MergeSingboxConfig/fetchProxies.go:154", "error": "get proxies msg failed"}
2024-04-04T22:30:01.408+0800	ERROR	Generate Config failed!	{"caller": "E:/Myproject/sing2cat_web/MergeSingboxConfig/generateSingboxConfig.go:87", "error": "fetch proxies failed"}
2024-04-04T23:30:00.008+0800	INFO	Initial completed!
2024-04-04T23:30:00.010+0800	INFO	Generate route completed!
2024-04-04T23:30:01.446+0800	ERROR	Fetch https://sub1.smallstrawberry.com/api/v1/client/subscribe?token=db7210cdd13&flag=clash proxies yaml failed!	{"caller": "E:/Myproject/sing2cat_web/MergeSingboxConfig/fetchProxies.go:123", "error": "Forbidden"}
2024-04-04T23:30:02.191+0800	ERROR	Fetch https://link.onesy.link/link/xQ3S0L9btfgTprv&flag=clash proxies yaml failed!	{"caller": "E:/Myproject/sing2cat_web/MergeSingboxConfig/fetchProxies.go:123", "error": "Forbidden"}
2024-04-04T23:30:02.191+0800	ERROR	url or network Error	{"caller": "E:/Myproject/sing2cat_web/MergeSingboxConfig/fetchProxies.go:154", "error": "get proxies msg failed"}
2024-04-04T23:30:02.192+0800	ERROR	Generate Config failed!	{"caller": "E:/Myproject/sing2cat_web/MergeSingboxConfig/generateSingboxConfig.go:87", "error": "fetch proxies failed"}
2024-04-05T00:30:00.006+0800	INFO	Initial completed!
2024-04-05T00:30:00.007+0800	INFO	Generate route completed!
2024-04-05T00:30:01.049+0800	ERROR	Fetch https://link.onesy.link/link/xQ3S0L9btfgTprv&flag=clash proxies yaml failed!	{"caller": "E:/Myproject/sing2cat_web/MergeSingboxConfig/fetchProxies.go:123", "error": "Forbidden"}
2024-04-05T00:30:01.687+0800	ERROR	Fetch https://sub1.smallstrawberry.com/api/v1/client/subscribe?token=db7210cdd13&flag=clash proxies yaml failed!	{"caller": "E:/Myproject/sing2cat_web/MergeSingboxConfig/fetchProxies.go:123", "error": "Forbidden"}
2024-04-05T00:30:01.687+0800	ERROR	url or network Error	{"caller": "E:/Myproject/sing2cat_web/MergeSingboxConfig/fetchProxies.go:154", "error": "get proxies msg failed"}
2024-04-05T00:30:01.687+0800	ERROR	Generate Config failed!	{"caller": "E:/Myproject/sing2cat_web/MergeSingboxConfig/generateSingboxConfig.go:87", "error": "fetch proxies failed"}
2024-04-05T21:30:00.070+0800	INFO	Initial completed!
2024-04-05T21:30:00.072+0800	INFO	Generate route completed!
2024-04-05T21:30:00.982+0800	ERROR	Fetch https://link.onesy.link/link/xQ3S0L9btfgTprv&flag=clash proxies yaml failed!	{"caller": "E:/Myproject/sing2cat_web/MergeSingboxConfig/fetchProxies.go:123", "error": "Forbidden"}
2024-04-05T21:30:01.120+0800	ERROR	Fetch https://sub1.smallstrawberry.com/api/v1/client/subscribe?token=db7210cdd13&flag=clash proxies yaml failed!	{"caller": "E:/Myproject/sing2cat_web/MergeSingboxConfig/fetchProxies.go:123", "error": "Forbidden"}
2024-04-05T21:30:01.121+0800	ERROR	url or network Error	{"caller": "E:/Myproject/sing2cat_web/MergeSingboxConfig/fetchProxies.go:154", "error": "get proxies msg failed"}
2024-04-05T21:30:01.122+0800	ERROR	Generate Config failed!	{"caller": "E:/Myproject/sing2cat_web/MergeSingboxConfig/generateSingboxConfig.go:87", "error": "fetch proxies failed"}
2024-04-05T22:30:00.011+0800	INFO	Initial completed!
2024-04-05T22:30:00.013+0800	INFO	Generate route completed!
2024-04-05T22:30:01.153+0800	ERROR	Fetch https://link.onesy.link/link/xQ3S0L9btfgTprv&flag=clash proxies yaml failed!	{"caller": "E:/Myproject/sing2cat_web/MergeSingboxConfig/fetchProxies.go:123", "error": "Forbidden"}
2024-04-05T22:30:01.654+0800	ERROR	Fetch https://sub1.smallstrawberry.com/api/v1/client/subscribe?token=db7210cdd13&flag=clash proxies yaml failed!	{"caller": "E:/Myproject/sing2cat_web/MergeSingboxConfig/fetchProxies.go:123", "error": "Forbidden"}
2024-04-05T22:30:01.656+0800	ERROR	url or network Error	{"caller": "E:/Myproject/sing2cat_web/MergeSingboxConfig/fetchProxies.go:154", "error": "get proxies msg failed"}
2024-04-05T22:30:01.656+0800	ERROR	Generate Config failed!	{"caller": "E:/Myproject/sing2cat_web/MergeSingboxConfig/generateSingboxConfig.go:87", "error": "fetch proxies failed"}
2024-04-05T23:30:00.013+0800	INFO	Initial completed!
2024-04-05T23:30:00.016+0800	INFO	Generate route completed!
2024-04-05T23:30:01.103+0800	ERROR	Fetch https://link.onesy.link/link/xQ3S0L9btfgTprv&flag=clash proxies yaml failed!	{"caller": "E:/Myproject/sing2cat_web/MergeSingboxConfig/fetchProxies.go:123", "error": "Forbidden"}
2024-04-05T23:30:01.312+0800	ERROR	Fetch https://sub1.smallstrawberry.com/api/v1/client/subscribe?token=db7210cdd13&flag=clash proxies yaml failed!	{"caller": "E:/Myproject/sing2cat_web/MergeSingboxConfig/fetchProxies.go:123", "error": "Forbidden"}
2024-04-05T23:30:01.312+0800	ERROR	url or network Error	{"caller": "E:/Myproject/sing2cat_web/MergeSingboxConfig/fetchProxies.go:154", "error": "get proxies msg failed"}
2024-04-05T23:30:01.312+0800	ERROR	Generate Config failed!	{"caller": "E:/Myproject/sing2cat_web/MergeSingboxConfig/generateSingboxConfig.go:87", "error": "fetch proxies failed"}
2024-04-06T00:30:00.017+0800	INFO	Initial completed!
2024-04-06T00:30:00.018+0800	INFO	Generate route completed!
2024-04-06T00:30:01.144+0800	ERROR	Fetch https://link.onesy.link/link/xQ3S0L9btfgTprv&flag=clash proxies yaml failed!	{"caller": "E:/Myproject/sing2cat_web/MergeSingboxConfig/fetchProxies.go:123", "error": "Forbidden"}
2024-04-06T00:30:01.265+0800	ERROR	Fetch https://sub1.smallstrawberry.com/api/v1/client/subscribe?token=db7210cdd13&flag=clash proxies yaml failed!	{"caller": "E:/Myproject/sing2cat_web/MergeSingboxConfig/fetchProxies.go:123", "error": "Forbidden"}
2024-04-06T00:30:01.265+0800	ERROR	url or network Error	{"caller": "E:/Myproject/sing2cat_web/MergeSingboxConfig/fetchProxies.go:154", "error": "get proxies msg failed"}
2024-04-06T00:30:01.266+0800	ERROR	Generate Config failed!	{"caller": "E:/Myproject/sing2cat_web/MergeSingboxConfig/generateSingboxConfig.go:87", "error": "fetch proxies failed"}
