2024-03-31T22:29:17.665+0800	ERROR	Get token failed!	{"caller": "E:/Myproject/sing2cat_web/GinController/authenticateController.go:92", "error": "not found"}
2024-04-02T19:44:47.547+0800	ERROR	Delete pic failed!	{"caller": "E:/Myproject/sing2cat_web/GinController/deleteComponent.go:24", "error": "remove E:/Myproject/sing2cat_web//static/sing2cat/sing2cat.jpg: The system cannot find the file specified."}
2024-04-02T19:45:48.232+0800	ERROR	Delete pic failed!	{"caller": "E:/Myproject/sing2cat_web/GinController/deleteComponent.go:24", "error": "remove E:/Myproject/sing2cat_web//static/sing2cat/sing2cat.jpg: The system cannot find the file specified."}
2024-04-02T19:47:57.486+0800	ERROR	Delete pic failed!	{"caller": "E:/Myproject/sing2cat_web/GinController/deleteComponent.go:24", "error": "remove E:/Myproject/sing2cat_web//static/sing2cat/sing2cat.jpg: The system cannot find the file specified."}
2024-04-02T19:48:18.800+0800	ERROR	Delete pic failed!	{"caller": "E:/Myproject/sing2cat_web/GinController/deleteComponent.go:24", "error": "remove E:/Myproject/sing2cat_web//static/sing2cat/sing2cat.jpg: The system cannot find the file specified."}
2024-04-02T19:48:43.633+0800	ERROR	Delete pic failed!	{"caller": "E:/Myproject/sing2cat_web/GinController/deleteComponent.go:24", "error": "remove E:/Myproject/sing2cat_web//static/sing2cat/sing2cat.jpg: The system cannot find the file specified."}
2024-04-02T20:01:49.920+0800	ERROR	Delete pic failed!	{"caller": "E:/Myproject/sing2cat_web/GinController/deleteComponent.go:24", "error": "remove E:/Myproject/sing2cat_web//static/sing2cat/sing2cat.jpg: The system cannot find the file specified."}
2024-04-04T20:27:22.440+0800	ERROR	Marshal json failed!	{"caller": "E:/Myproject/sing2cat_web/GinRouter/addComponent.go:21", "error": "invalid character '-' in numeric literal"}
2024-04-04T20:29:54.590+0800	ERROR	Marshal json failed!	{"caller": "E:/Myproject/sing2cat_web/GinRouter/addComponent.go:21", "error": "invalid character '-' in numeric literal"}
2024-04-04T20:31:34.508+0800	ERROR	Marshal json failed!	{"caller": "E:/Myproject/sing2cat_web/GinRouter/addComponent.go:21", "error": "invalid character '-' in numeric literal"}
2024-04-04T20:31:35.694+0800	ERROR	Marshal json failed!	{"caller": "E:/Myproject/sing2cat_web/GinRouter/addComponent.go:21", "error": "invalid character '-' in numeric literal"}
2024-04-04T20:32:16.962+0800	ERROR	Marshal json failed!	{"caller": "E:/Myproject/sing2cat_web/GinRouter/addComponent.go:21", "error": "invalid character '-' in numeric literal"}
2024-04-04T20:32:29.032+0800	ERROR	Marshal json failed!	{"caller": "E:/Myproject/sing2cat_web/GinRouter/addComponent.go:21", "error": "invalid character '-' in numeric literal"}
2024-04-04T20:32:49.040+0800	ERROR	Marshal json failed!	{"caller": "E:/Myproject/sing2cat_web/GinRouter/addComponent.go:21", "error": "invalid character '-' in numeric literal"}
2024-04-04T20:33:32.138+0800	ERROR	Marshal json failed!	{"caller": "E:/Myproject/sing2cat_web/GinRouter/addComponent.go:21", "error": "invalid character '-' in numeric literal"}
2024-04-04T20:33:48.590+0800	ERROR	Marshal json failed!	{"caller": "E:/Myproject/sing2cat_web/GinRouter/addComponent.go:21", "error": "invalid character '-' in numeric literal"}
2024-04-04T20:40:13.121+0800	ERROR	Marshal json failed!	{"caller": "E:/Myproject/sing2cat_web/GinRouter/addComponent.go:21", "error": "invalid character '-' in numeric literal"}
2024-04-04T20:40:33.475+0800	ERROR	Delete pic failed!	{"caller": "E:/Myproject/sing2cat_web/GinController/deleteComponent.go:24", "error": "remove E:/Myproject/sing2cat_web//static/sing2cat/561.jpg: The system cannot find the file specified."}
2024-04-04T20:40:47.747+0800	ERROR	Delete pic failed!	{"caller": "E:/Myproject/sing2cat_web/GinController/deleteComponent.go:24", "error": "remove E:/Myproject/sing2cat_web//static/sing2cat/dfs.jpg: The system cannot find the file specified."}
2024-04-04T20:40:56.603+0800	ERROR	Delete pic failed!	{"caller": "E:/Myproject/sing2cat_web/GinController/deleteComponent.go:24", "error": "remove E:/Myproject/sing2cat_web//static/sing2cat/的撒.jpg: The system cannot find the file specified."}
2024-04-04T20:41:21.740+0800	ERROR	Delete pic failed!	{"caller": "E:/Myproject/sing2cat_web/GinController/deleteComponent.go:24", "error": "remove E:/Myproject/sing2cat_web//static/sing2cat/561.jpg: The system cannot find the file specified."}
2024-04-04T20:41:28.135+0800	ERROR	Delete pic failed!	{"caller": "E:/Myproject/sing2cat_web/GinController/deleteComponent.go:24", "error": "remove E:/Myproject/sing2cat_web//static/sing2cat/561.jpg: The system cannot find the file specified."}
2024-04-04T20:52:10.972+0800	ERROR	Marshal json failed!	{"caller": "E:/Myproject/sing2cat_web/GinRouter/addComponent.go:21", "error": "invalid character '-' in numeric literal"}
2024-04-04T20:54:46.451+0800	ERROR	Marshal json failed!	{"caller": "E:/Myproject/sing2cat_web/GinRouter/addComponent.go:21", "error": "invalid character '-' in numeric literal"}
2024-04-04T20:54:57.378+0800	ERROR	Delete pic failed!	{"caller": "E:/Myproject/sing2cat_web/GinController/deleteComponent.go:24", "error": "remove E:/Myproject/sing2cat_web//static/sing2cat/156.jpg: The system cannot find the file specified."}
2024-04-07T00:53:01.749+0800	ERROR	Process check command failed!	{"caller": "E:/Myproject/sing2cat_web/GinRouter/sing2cat.go:102", "error": "exec: \"systemctl\": executable file not found in %PATH%"}
2024-04-07T00:53:01.752+0800	ERROR	Process check command failed!	{"caller": "E:/Myproject/sing2cat_web/GinRouter/sing2cat.go:102", "error": "exec: \"systemctl\": executable file not found in %PATH%"}
2024-04-07T00:53:01.760+0800	ERROR	Process check command failed!	{"caller": "E:/Myproject/sing2cat_web/GinRouter/sing2cat.go:102", "error": "exec: \"systemctl\": executable file not found in %PATH%"}
2024-04-07T00:53:01.765+0800	ERROR	Process check command failed!	{"caller": "E:/Myproject/sing2cat_web/GinRouter/sing2cat.go:102", "error": "exec: \"systemctl\": executable file not found in %PATH%"}
2024-04-07T00:53:04.276+0800	ERROR	Process check command failed!	{"caller": "E:/Myproject/sing2cat_web/GinRouter/sing2cat.go:102", "error": "exec: \"systemctl\": executable file not found in %PATH%"}
2024-04-07T00:53:13.250+0800	ERROR	Process check command failed!	{"caller": "E:/Myproject/sing2cat_web/GinRouter/sing2cat.go:102", "error": "exec: \"systemctl\": executable file not found in %PATH%"}
2024-04-07T00:53:14.100+0800	ERROR	Process check command failed!	{"caller": "E:/Myproject/sing2cat_web/GinRouter/sing2cat.go:102", "error": "exec: \"systemctl\": executable file not found in %PATH%"}
2024-04-07T00:53:15.066+0800	ERROR	Process check command failed!	{"caller": "E:/Myproject/sing2cat_web/GinRouter/sing2cat.go:102", "error": "exec: \"systemctl\": executable file not found in %PATH%"}
2024-04-07T00:53:15.066+0800	ERROR	Process check command failed!	{"caller": "E:/Myproject/sing2cat_web/GinRouter/sing2cat.go:102", "error": "exec: \"systemctl\": executable file not found in %PATH%"}
2024-04-07T00:55:01.138+0800	ERROR	Process check command failed!	{"caller": "E:/Myproject/sing2cat_web/GinRouter/sing2cat.go:102", "error": "exec: \"systemctl\": executable file not found in %PATH%"}
2024-04-07T00:55:02.079+0800	ERROR	Process check command failed!	{"caller": "E:/Myproject/sing2cat_web/GinRouter/sing2cat.go:102", "error": "exec: \"systemctl\": executable file not found in %PATH%"}
2024-04-07T00:55:02.970+0800	ERROR	restart failed!	{"caller": "E:/Myproject/sing2cat_web/GinRouter/sing2cat.go:121", "error": "exec: \"systemctl\": executable file not found in %PATH%"}
2024-04-07T00:55:04.083+0800	ERROR	restart failed!	{"caller": "E:/Myproject/sing2cat_web/GinRouter/sing2cat.go:121", "error": "exec: \"systemctl\": executable file not found in %PATH%"}
2024-04-07T00:55:06.659+0800	ERROR	restart failed!	{"caller": "E:/Myproject/sing2cat_web/GinRouter/sing2cat.go:121", "error": "exec: \"systemctl\": executable file not found in %PATH%"}
2024-04-07T00:55:06.678+0800	ERROR	restart failed!	{"caller": "E:/Myproject/sing2cat_web/GinRouter/sing2cat.go:121", "error": "exec: \"systemctl\": executable file not found in %PATH%"}
2024-04-07T00:55:44.454+0800	ERROR	Process check command failed!	{"caller": "E:/Myproject/sing2cat_web/GinRouter/sing2cat.go:102", "error": "exec: \"systemctl\": executable file not found in %PATH%"}
2024-04-07T00:55:44.855+0800	ERROR	Process check command failed!	{"caller": "E:/Myproject/sing2cat_web/GinRouter/sing2cat.go:102", "error": "exec: \"systemctl\": executable file not found in %PATH%"}
2024-04-07T00:55:45.051+0800	ERROR	Process check command failed!	{"caller": "E:/Myproject/sing2cat_web/GinRouter/sing2cat.go:102", "error": "exec: \"systemctl\": executable file not found in %PATH%"}
2024-04-07T00:55:45.245+0800	ERROR	Process check command failed!	{"caller": "E:/Myproject/sing2cat_web/GinRouter/sing2cat.go:102", "error": "exec: \"systemctl\": executable file not found in %PATH%"}
2024-04-07T00:55:45.395+0800	ERROR	Process check command failed!	{"caller": "E:/Myproject/sing2cat_web/GinRouter/sing2cat.go:102", "error": "exec: \"systemctl\": executable file not found in %PATH%"}
2024-04-07T00:56:01.281+0800	ERROR	Process check command failed!	{"caller": "E:/Myproject/sing2cat_web/GinRouter/sing2cat.go:102", "error": "exec: \"systemctl\": executable file not found in %PATH%"}
2024-04-07T00:56:01.285+0800	ERROR	Process check command failed!	{"caller": "E:/Myproject/sing2cat_web/GinRouter/sing2cat.go:102", "error": "exec: \"systemctl\": executable file not found in %PATH%"}
2024-04-07T00:56:01.309+0800	ERROR	Process check command failed!	{"caller": "E:/Myproject/sing2cat_web/GinRouter/sing2cat.go:102", "error": "exec: \"systemctl\": executable file not found in %PATH%"}
2024-04-07T00:56:01.310+0800	ERROR	Process check command failed!	{"caller": "E:/Myproject/sing2cat_web/GinRouter/sing2cat.go:102", "error": "exec: \"systemctl\": executable file not found in %PATH%"}
